#
# A fatal error has been detected by the Java Runtime Environment:
#
#  EXCEPTION_ACCESS_VIOLATION (0xc0000005) at pc=0x0000000061cdb2ee, pid=4152, tid=3248
#
# JRE version: 7.0_11-b21
# Java VM: Java HotSpot(TM) 64-Bit Server VM (23.6-b04 mixed mode windows-amd64 compressed oops)
# Problematic frame:
# V  [jvm.dll+0xfb2ee]
#
# Failed to write core dump. Minidumps are not enabled by default on client versions of Windows
#
# If you would like to submit a bug report, please visit:
#   http://bugreport.sun.com/bugreport/crash.jsp
#

---------------  T H R E A D  ---------------

Current thread (0x0000000008751800):  JavaThread "Thread-287" [_thread_in_vm, id=3248, stack(0x0000000019860000,0x0000000019960000)]

siginfo: ExceptionCode=0xc0000005, reading address 0x0000000000000000

Registers:
RAX=0x0000000000000000, RBX=0x0000000008751800, RCX=0x0000000000000180, RDX=0x0000000008634dd0
RSP=0x000000001995d650, RBP=0x0000000000000000, RSI=0x0000000008634dd0, RDI=0x00000000ec57cc01
R8 =0x0000000000000000, R9 =0x000000001995d938, R10=0x000000000253237c, R11=0x0000000061da2070
R12=0x0000000000000000, R13=0x00000000bcd90198, R14=0x000000001995d950, R15=0x0000000008751800
RIP=0x0000000061cdb2ee, EFLAGS=0x0000000000010202

Top of Stack: (sp=0x000000001995d650)
0x000000001995d650:   0000000000000000 00000000ec57cc10
0x000000001995d660:   0000000000000002 000000001995d700
0x000000001995d670:   00000000ec57cc10 00000001800013ef
0x000000001995d680:   00000000bcd90198 000000001995d700
0x000000001995d690:   0000000000000002 00000001800012e8
0x000000001995d6a0:   0000000008751800 000000000253237c
0x000000001995d6b0:   0000000061da2070 00000001800012b2
0x000000001995d6c0:   0000000061da2070 0000000180001279
0x000000001995d6d0:   00000000bcd90198 0000000061c91c38
0x000000001995d6e0:   000000000a2ff900 0000000008780010
0x000000001995d6f0:   0000000008780058 00000000087803f8
0x000000001995d700:   000000001995e178 0000000180016b97
0x000000001995d710:   0000000008751800 00000000bca02db0
0x000000001995d720:   000000001995d6d0 0000000000000000
0x000000001995d730:   0000000000000000 0000000000000000
0x000000001995d740:   000000001995d6c0 000000001995d9b0 

Instructions: (pc=0x0000000061cdb2ee)
0x0000000061cdb2ce:   00 00 00 30 74 08 48 8b cb e8 94 a3 0d 00 c7 83
0x0000000061cdb2de:   50 02 00 00 06 00 00 00 40 b7 01 48 85 f6 74 64
0x0000000061cdb2ee:   48 8b 4d 00 40 32 ff e8 56 b7 f3 ff 48 8b d0 48
0x0000000061cdb2fe:   85 c0 74 50 40 38 3d df 09 5b 00 48 8b 06 74 15 


Register to memory mapping:

RAX=0x0000000000000000 is an unknown value
RBX=0x0000000008751800 is a thread
RCX=0x0000000000000180 is an unknown value
RDX=0x0000000008634dd0 is an unknown value
RSP=0x000000001995d650 is pointing into the stack for thread: 0x0000000008751800
RBP=0x0000000000000000 is an unknown value
RSI=0x0000000008634dd0 is an unknown value
RDI=0x00000000ec57cc01 is an unknown value
R8 =0x0000000000000000 is an unknown value
R9 =0x000000001995d938 is pointing into the stack for thread: 0x0000000008751800
R10=0x000000000253237c is an Interpreter codelet
method entry point (kind = native)  [0x0000000002532100, 0x0000000002532980]  2176 bytes
R11=0x0000000061da2070 is an unknown value
R12=0x0000000000000000 is an unknown value
R13=0x00000000bcd90198 is an oop
{method} 
 - klass: {other class}
R14=0x000000001995d950 is pointing into the stack for thread: 0x0000000008751800
R15=0x0000000008751800 is a thread


Stack: [0x0000000019860000,0x0000000019960000],  sp=0x000000001995d650,  free space=1013k
Native frames: (J=compiled Java code, j=interpreted, Vv=VM code, C=native code)
V  [jvm.dll+0xfb2ee]

[error occurred during error reporting (printing native stack), id 0xc0000005]

Java frames: (J=compiled Java code, j=interpreted, Vv=VM code)
j  com.sun.jna.Native.invokeVoid(JI[Ljava/lang/Object;)V+0
j  com.sun.jna.Function.invoke([Ljava/lang/Object;Ljava/lang/Class;Z)Ljava/lang/Object;+48
j  com.sun.jna.Function.invoke(Ljava/lang/Class;[Ljava/lang/Object;Ljava/util/Map;)Ljava/lang/Object;+214
j  com.sun.jna.Library$Handler.invoke(Ljava/lang/Object;Ljava/lang/reflect/Method;[Ljava/lang/Object;)Ljava/lang/Object;+341
j  $Proxy4.gst_mini_object_unref(Lcom/sun/jna/Pointer;)V+16
j  org.gstreamer.MiniObject.disposeNativeHandle(Lcom/sun/jna/Pointer;)V+4
j  org.gstreamer.lowlevel.NativeObject.dispose()V+89
j  org.gstreamer.elements.RGBDataSink$VideoHandoffListener.doHandoff(Lorg/moduleExamples.gstreamer/Buffer;Lorg/moduleExamples.gstreamer/Pad;Z)V+113
j  org.gstreamer.elements.RGBDataSink$VideoHandoffListener.handoff(Lorg/moduleExamples.gstreamer/elements/BaseSink;Lorg/moduleExamples.gstreamer/Buffer;Lorg/moduleExamples.gstreamer/Pad;)V+4
j  org.gstreamer.elements.BaseSink$1.callback(Lorg/moduleExamples.gstreamer/elements/BaseSink;Lorg/moduleExamples.gstreamer/Buffer;Lorg/moduleExamples.gstreamer/Pad;)V+7
j  sun.reflect.GeneratedMethodAccessor4.invoke(Ljava/lang/Object;[Ljava/lang/Object;)Ljava/lang/Object;+56
j  sun.reflect.DelegatingMethodAccessorImpl.invoke(Ljava/lang/Object;[Ljava/lang/Object;)Ljava/lang/Object;+6
j  java.lang.reflect.Method.invoke(Ljava/lang/Object;[Ljava/lang/Object;)Ljava/lang/Object;+57
j  com.sun.jna.CallbackReference$DefaultCallbackProxy.invokeCallback([Ljava/lang/Object;)Ljava/lang/Object;+130
j  com.sun.jna.CallbackReference$DefaultCallbackProxy.callback([Ljava/lang/Object;)Ljava/lang/Object;+2
v  ~StubRoutines::call_stub

---------------  P R O C E S S  ---------------

Java Threads: ( => current thread )
=>0x0000000008751800 JavaThread "Thread-287" [_thread_in_vm, id=3248, stack(0x0000000019860000,0x0000000019960000)]
  0x000000000a308800 JavaThread "TimerQueue" daemon [_thread_blocked, id=4376, stack(0x0000000019e80000,0x0000000019f80000)]
  0x000000000a388800 JavaThread "moduleExamples.gstreamer service thread 1" daemon [_thread_blocked, id=5168, stack(0x0000000018d20000,0x0000000018e20000)]
  0x000000000216d000 JavaThread "DestroyJavaVM" [_thread_blocked, id=5892, stack(0x0000000002420000,0x0000000002520000)]
  0x000000000a107000 JavaThread "AWT-EventQueue-0" [_thread_blocked, id=6076, stack(0x00000000187f0000,0x00000000188f0000)]
  0x000000000a0ff800 JavaThread "AWT-Shutdown" [_thread_blocked, id=5740, stack(0x0000000018540000,0x0000000018640000)]
  0x000000000a0fe800 JavaThread "Java2D Disposer" daemon [_thread_blocked, id=6052, stack(0x0000000018320000,0x0000000018420000)]
  0x00000000086d7000 JavaThread "Service Thread" daemon [_thread_blocked, id=5988, stack(0x0000000009dd0000,0x0000000009ed0000)]
  0x00000000086d3000 JavaThread "C2 CompilerThread1" daemon [_thread_blocked, id=3728, stack(0x0000000009c60000,0x0000000009d60000)]
  0x00000000086c9800 JavaThread "C2 CompilerThread0" daemon [_thread_blocked, id=4148, stack(0x0000000009aa0000,0x0000000009ba0000)]
  0x00000000086c8000 JavaThread "Attach Listener" daemon [_thread_blocked, id=5220, stack(0x0000000009530000,0x0000000009630000)]
  0x00000000086c6800 JavaThread "Signal Dispatcher" daemon [_thread_blocked, id=5592, stack(0x0000000009840000,0x0000000009940000)]
  0x000000000863f000 JavaThread "Finalizer" daemon [_thread_blocked, id=4084, stack(0x0000000009660000,0x0000000009760000)]
  0x0000000008636000 JavaThread "Reference Handler" daemon [_thread_blocked, id=2968, stack(0x00000000093e0000,0x00000000094e0000)]

Other Threads:
  0x0000000008630800 VMThread [stack: 0x0000000009250000,0x0000000009350000] [id=5400]
  0x00000000086f0000 WatcherThread [stack: 0x0000000009f90000,0x000000000a090000] [id=5160]

VM state:not at safepoint (normal execution)

VM Mutex/Monitor currently owned by a thread: None

Heap
 PSYoungGen      total 18560K, used 11555K [0x00000000eb400000, 0x00000000ec8b0000, 0x0000000100000000)
  eden space 15936K, 56% used [0x00000000eb400000,0x00000000ebcbbe50,0x00000000ec390000)
  from space 2624K, 99% used [0x00000000ec390000,0x00000000ec61d010,0x00000000ec620000)
  to   space 2624K, 0% used [0x00000000ec620000,0x00000000ec620000,0x00000000ec8b0000)
 ParOldGen       total 42496K, used 4785K [0x00000000c1c00000, 0x00000000c4580000, 0x00000000eb400000)
  object space 42496K, 11% used [0x00000000c1c00000,0x00000000c20ac7d0,0x00000000c4580000)
 PSPermGen       total 21248K, used 11767K [0x00000000bca00000, 0x00000000bdec0000, 0x00000000c1c00000)
  object space 21248K, 55% used [0x00000000bca00000,0x00000000bd57def8,0x00000000bdec0000)

Card table byte_map: [0x0000000005520000,0x0000000005740000] byte_map_base: 0x0000000004f3b000

Polling page: 0x00000000004b0000

Code Cache  [0x0000000002520000, 0x0000000002790000, 0x0000000005520000)
 total_blobs=507 nmethods=100 adapters=358 free_code_cache=48494Kb largest_free_block=49625536

Compilation events (10 events):
Event: 11.885 Thread 0x00000000086c9800   96             java.lang.Long::toUnsignedString (63 bytes)
Event: 11.907 Thread 0x00000000086c9800 nmethod 96 0x00000000025c4690 code [0x00000000025c4800, 0x00000000025c4d58]
Event: 11.930 Thread 0x00000000086d3000   97             java.lang.StringBuilder::append (8 bytes)
Event: 11.943 Thread 0x00000000086d3000 nmethod 97 0x00000000025c8b90 code [0x00000000025c8ce0, 0x00000000025c9078]
Event: 12.048 Thread 0x00000000086c9800   98             java.lang.reflect.Modifier::isPublic (12 bytes)
Event: 12.048 Thread 0x00000000086c9800 nmethod 98 0x000000000259c710 code [0x000000000259c840, 0x000000000259c878]
Event: 12.087 Thread 0x00000000086c9800  100             java.util.ArrayList$Itr::<init> (26 bytes)
Event: 12.087 Thread 0x00000000086d3000   99             java.util.ArrayList$Itr::<init> (6 bytes)
Event: 12.089 Thread 0x00000000086d3000 nmethod 99 0x00000000025c2250 code [0x00000000025c2380, 0x00000000025c23f8]
Event: 12.089 Thread 0x00000000086c9800 nmethod 100 0x00000000025c1f90 code [0x00000000025c20c0, 0x00000000025c2138]

GC Heap History (6 events):
Event: 7.456 GC heap before
{Heap before GC invocations=1 (full 0):
 PSYoungGen      total 18560K, used 15936K [0x00000000eb400000, 0x00000000ec8b0000, 0x0000000100000000)
  eden space 15936K, 100% used [0x00000000eb400000,0x00000000ec390000,0x00000000ec390000)
  from space 2624K, 0% used [0x00000000ec620000,0x00000000ec620000,0x00000000ec8b0000)
  to   space 2624K, 0% used [0x00000000ec390000,0x00000000ec390000,0x00000000ec620000)
 ParOldGen       total 42496K, used 0K [0x00000000c1c00000, 0x00000000c4580000, 0x00000000eb400000)
  object space 42496K, 0% used [0x00000000c1c00000,0x00000000c1c00000,0x00000000c4580000)
 PSPermGen       total 21248K, used 8475K [0x00000000bca00000, 0x00000000bdec0000, 0x00000000c1c00000)
  object space 21248K, 39% used [0x00000000bca00000,0x00000000bd246d18,0x00000000bdec0000)
Event: 7.488 GC heap after
Heap after GC invocations=1 (full 0):
 PSYoungGen      total 18560K, used 2087K [0x00000000eb400000, 0x00000000ec8b0000, 0x0000000100000000)
  eden space 15936K, 0% used [0x00000000eb400000,0x00000000eb400000,0x00000000ec390000)
  from space 2624K, 79% used [0x00000000ec390000,0x00000000ec599c40,0x00000000ec620000)
  to   space 2624K, 0% used [0x00000000ec620000,0x00000000ec620000,0x00000000ec8b0000)
 ParOldGen       total 42496K, used 8K [0x00000000c1c00000, 0x00000000c4580000, 0x00000000eb400000)
  object space 42496K, 0% used [0x00000000c1c00000,0x00000000c1c02000,0x00000000c4580000)
 PSPermGen       total 21248K, used 8475K [0x00000000bca00000, 0x00000000bdec0000, 0x00000000c1c00000)
  object space 21248K, 39% used [0x00000000bca00000,0x00000000bd246d18,0x00000000bdec0000)
}
Event: 9.926 GC heap before
{Heap before GC invocations=2 (full 0):
 PSYoungGen      total 18560K, used 18023K [0x00000000eb400000, 0x00000000ec8b0000, 0x0000000100000000)
  eden space 15936K, 100% used [0x00000000eb400000,0x00000000ec390000,0x00000000ec390000)
  from space 2624K, 79% used [0x00000000ec390000,0x00000000ec599c40,0x00000000ec620000)
  to   space 2624K, 0% used [0x00000000ec620000,0x00000000ec620000,0x00000000ec8b0000)
 ParOldGen       total 42496K, used 8K [0x00000000c1c00000, 0x00000000c4580000, 0x00000000eb400000)
  object space 42496K, 0% used [0x00000000c1c00000,0x00000000c1c02000,0x00000000c4580000)
 PSPermGen       total 21248K, used 11740K [0x00000000bca00000, 0x00000000bdec0000, 0x00000000c1c00000)
  object space 21248K, 55% used [0x00000000bca00000,0x00000000bd577240,0x00000000bdec0000)
Event: 9.947 GC heap after
Heap after GC invocations=2 (full 0):
 PSYoungGen      total 18560K, used 2596K [0x00000000eb400000, 0x00000000ec8b0000, 0x0000000100000000)
  eden space 15936K, 0% used [0x00000000eb400000,0x00000000eb400000,0x00000000ec390000)
  from space 2624K, 98% used [0x00000000ec620000,0x00000000ec8a9020,0x00000000ec8b0000)
  to   space 2624K, 0% used [0x00000000ec390000,0x00000000ec390000,0x00000000ec620000)
 ParOldGen       total 42496K, used 4553K [0x00000000c1c00000, 0x00000000c4580000, 0x00000000eb400000)
  object space 42496K, 10% used [0x00000000c1c00000,0x00000000c20727d0,0x00000000c4580000)
 PSPermGen       total 21248K, used 11740K [0x00000000bca00000, 0x00000000bdec0000, 0x00000000c1c00000)
  object space 21248K, 55% used [0x00000000bca00000,0x00000000bd577240,0x00000000bdec0000)
}
Event: 11.847 GC heap before
{Heap before GC invocations=3 (full 0):
 PSYoungGen      total 18560K, used 18532K [0x00000000eb400000, 0x00000000ec8b0000, 0x0000000100000000)
  eden space 15936K, 100% used [0x00000000eb400000,0x00000000ec390000,0x00000000ec390000)
  from space 2624K, 98% used [0x00000000ec620000,0x00000000ec8a9020,0x00000000ec8b0000)
  to   space 2624K, 0% used [0x00000000ec390000,0x00000000ec390000,0x00000000ec620000)
 ParOldGen       total 42496K, used 4553K [0x00000000c1c00000, 0x00000000c4580000, 0x00000000eb400000)
  object space 42496K, 10% used [0x00000000c1c00000,0x00000000c20727d0,0x00000000c4580000)
 PSPermGen       total 21248K, used 11757K [0x00000000bca00000, 0x00000000bdec0000, 0x00000000c1c00000)
  object space 21248K, 55% used [0x00000000bca00000,0x00000000bd57b418,0x00000000bdec0000)
Event: 11.859 GC heap after
Heap after GC invocations=3 (full 0):
 PSYoungGen      total 18560K, used 2612K [0x00000000eb400000, 0x00000000ec8b0000, 0x0000000100000000)
  eden space 15936K, 0% used [0x00000000eb400000,0x00000000eb400000,0x00000000ec390000)
  from space 2624K, 99% used [0x00000000ec390000,0x00000000ec61d010,0x00000000ec620000)
  to   space 2624K, 0% used [0x00000000ec620000,0x00000000ec620000,0x00000000ec8b0000)
 ParOldGen       total 42496K, used 4785K [0x00000000c1c00000, 0x00000000c4580000, 0x00000000eb400000)
  object space 42496K, 11% used [0x00000000c1c00000,0x00000000c20ac7d0,0x00000000c4580000)
 PSPermGen       total 21248K, used 11757K [0x00000000bca00000, 0x00000000bdec0000, 0x00000000c1c00000)
  object space 21248K, 55% used [0x00000000bca00000,0x00000000bd57b418,0x00000000bdec0000)
}

Deoptimization events (10 events):
Event: 5.418 Thread 0x000000000216d000 Uncommon trap -83 fr.pc 0x000000000258d48c
Event: 5.483 Thread 0x000000000216d000 Uncommon trap -34 fr.pc 0x0000000002589598
Event: 5.484 Thread 0x000000000216d000 Uncommon trap -34 fr.pc 0x0000000002589598
Event: 6.964 Thread 0x000000000216d000 Uncommon trap -34 fr.pc 0x00000000025884ec
Event: 7.798 Thread 0x000000000a107000 Uncommon trap -12 fr.pc 0x000000000258f484
Event: 8.150 Thread 0x000000000a107000 Uncommon trap -83 fr.pc 0x000000000259da64
Event: 8.153 Thread 0x000000000a107000 Uncommon trap -83 fr.pc 0x0000000002598964
Event: 8.170 Thread 0x000000000a107000 Uncommon trap -83 fr.pc 0x000000000258eee8
Event: 10.167 Thread 0x000000000a37e000 Uncommon trap -122 fr.pc 0x00000000025be8fc
Event: 10.846 Thread 0x000000000a37e000 Uncommon trap -12 fr.pc 0x00000000025c6874

Internal exceptions (10 events):
Event: 9.019 Thread 0x000000000a107000 Threw 0x00000000eb7b2cf0 at C:\jdk7u1_64p\jdk7u11\hotspot\src\share\vm\prims\jvm.cpp:1166
Event: 9.021 Thread 0x000000000a107000 Threw 0x00000000eb7b6b80 at C:\jdk7u1_64p\jdk7u11\hotspot\src\share\vm\prims\jvm.cpp:1166
Event: 9.023 Thread 0x000000000a107000 Threw 0x00000000ebe29fa8 at C:\jdk7u1_64p\jdk7u11\hotspot\src\share\vm\prims\jni.cpp:742
Event: 9.024 Thread 0x000000000a107000 Threw 0x00000000ebe2a318 at C:\jdk7u1_64p\jdk7u11\hotspot\src\share\vm\prims\jni.cpp:742
Event: 9.025 Thread 0x000000000a107000 Threw 0x00000000ebe2a778 at C:\jdk7u1_64p\jdk7u11\hotspot\src\share\vm\prims\jni.cpp:742
Event: 9.027 Thread 0x000000000a107000 Threw 0x00000000ebe2c648 at C:\jdk7u1_64p\jdk7u11\hotspot\src\share\vm\prims\jni.cpp:742
Event: 9.028 Thread 0x000000000a107000 Threw 0x00000000ebe2c9c8 at C:\jdk7u1_64p\jdk7u11\hotspot\src\share\vm\prims\jni.cpp:742
Event: 9.029 Thread 0x000000000a107000 Threw 0x00000000ebe2ce28 at C:\jdk7u1_64p\jdk7u11\hotspot\src\share\vm\prims\jni.cpp:742
Event: 9.034 Thread 0x000000000a107000 Threw 0x00000000ebe3a880 at C:\jdk7u1_64p\jdk7u11\hotspot\src\share\vm\prims\jvm.cpp:1166
Event: 9.044 Thread 0x000000000a107000 Threw 0x00000000ebe556b8 at C:\jdk7u1_64p\jdk7u11\hotspot\src\share\vm\prims\jvm.cpp:1166

Events (10 events):
Event: 13.140 Thread 0x0000000008751800 Thread exited: 0x0000000008751800
Event: 13.144 Thread 0x000000000a106800 Thread exited: 0x000000000a106800
Event: 13.144 Thread 0x0000000008765000 Thread exited: 0x0000000008765000
Event: 13.165 Thread 0x0000000008751800 Thread added: 0x0000000008751800
Event: 13.166 Thread 0x0000000008751800 Thread exited: 0x0000000008751800
Event: 13.166 Thread 0x0000000008751800 Thread added: 0x0000000008751800
Event: 13.166 Thread 0x0000000008751800 Thread exited: 0x0000000008751800
Event: 13.166 Thread 0x0000000008751800 Thread added: 0x0000000008751800
Event: 13.168 loading class 0x00000000085ca660 done
Event: 13.171 Thread 0x000000000a416800 Thread exited: 0x000000000a416800


Dynamic libraries:
0x000000013f590000 - 0x000000013f5c3000 	C:\Program Files\Java\jdk1.7.0_11\jre\bin\javaw.exe
0x00000000776d0000 - 0x0000000077879000 	C:\Windows\SYSTEM32\ntdll.dll
0x0000000077360000 - 0x000000007747f000 	C:\Windows\system32\kernel32.dll
0x000007fefdcc0000 - 0x000007fefdd2b000 	C:\Windows\system32\KERNELBASE.dll
0x000007fefe910000 - 0x000007fefe9eb000 	C:\Windows\system32\ADVAPI32.dll
0x000007fefe0b0000 - 0x000007fefe14f000 	C:\Windows\system32\msvcrt.dll
0x000007feff830000 - 0x000007feff84f000 	C:\Windows\SYSTEM32\sechost.dll
0x000007fefdf00000 - 0x000007fefe02d000 	C:\Windows\system32\RPCRT4.dll
0x0000000077480000 - 0x000000007757a000 	C:\Windows\system32\USER32.dll
0x000007fefe590000 - 0x000007fefe5f7000 	C:\Windows\system32\GDI32.dll
0x000007fefea10000 - 0x000007fefea1e000 	C:\Windows\system32\LPK.dll
0x000007fefe150000 - 0x000007fefe219000 	C:\Windows\system32\USP10.dll
0x000007fefc5d0000 - 0x000007fefc7c4000 	C:\Windows\WinSxS\amd64_microsoft.windows.common-controls_6595b64144ccf1df_6.0.7601.17514_none_fa396087175ac9ac\COMCTL32.dll
0x000007feff850000 - 0x000007feff8c1000 	C:\Windows\system32\SHLWAPI.dll
0x000007fefe030000 - 0x000007fefe05e000 	C:\Windows\system32\IMM32.DLL
0x000007feff8d0000 - 0x000007feff9d9000 	C:\Windows\system32\MSCTF.dll
0x0000000062300000 - 0x00000000623d1000 	C:\Program Files\Java\jdk1.7.0_11\jre\bin\msvcr100.dll
0x0000000061be0000 - 0x00000000622ff000 	C:\Program Files\Java\jdk1.7.0_11\jre\bin\server\jvm.dll
0x000007fef1940000 - 0x000007fef1949000 	C:\Windows\system32\WSOCK32.dll
0x000007fefe060000 - 0x000007fefe0ad000 	C:\Windows\system32\WS2_32.dll
0x000007fefe400000 - 0x000007fefe408000 	C:\Windows\system32\NSI.dll
0x000007fefb5f0000 - 0x000007fefb62b000 	C:\Windows\system32\WINMM.dll
0x00000000778a0000 - 0x00000000778a7000 	C:\Windows\system32\PSAPI.DLL
0x0000000074b90000 - 0x0000000074b9f000 	C:\Program Files\Java\jdk1.7.0_11\jre\bin\verify.dll
0x0000000064590000 - 0x00000000645b8000 	C:\Program Files\Java\jdk1.7.0_11\jre\bin\java.dll
0x0000000070fa0000 - 0x0000000070fb5000 	C:\Program Files\Java\jdk1.7.0_11\jre\bin\zip.dll
0x000007fefd400000 - 0x000007fefd417000 	C:\Windows\system32\CRYPTSP.dll
0x000007fefd100000 - 0x000007fefd147000 	C:\Windows\system32\rsaenh.dll
0x000007fefce80000 - 0x000007fefce9e000 	C:\Windows\system32\USERENV.dll
0x000007fefdb30000 - 0x000007fefdb3f000 	C:\Windows\system32\profapi.dll
0x000007fefda60000 - 0x000007fefda6f000 	C:\Windows\system32\CRYPTBASE.dll
0x0000000064570000 - 0x0000000064589000 	C:\Program Files\Java\jdk1.7.0_11\jre\bin\net.dll
0x000007fefd3a0000 - 0x000007fefd3f5000 	C:\Windows\system32\mswsock.dll
0x000007fefd390000 - 0x000007fefd397000 	C:\Windows\System32\wship6.dll
0x000007fefb700000 - 0x000007fefb715000 	C:\Windows\system32\NLAapi.dll
0x000007fef8620000 - 0x000007fef8635000 	C:\Windows\system32\napinsp.dll
0x000007fef8600000 - 0x000007fef8619000 	C:\Windows\system32\pnrpnsp.dll
0x000007fefd220000 - 0x000007fefd27b000 	C:\Windows\system32\DNSAPI.dll
0x000007fef85f0000 - 0x000007fef85fb000 	C:\Windows\System32\winrnr.dll
0x000007fefcd60000 - 0x000007fefcd67000 	C:\Windows\System32\wshtcpip.dll
0x000007fefb170000 - 0x000007fefb197000 	C:\Windows\system32\IPHLPAPI.DLL
0x000007fefb160000 - 0x000007fefb16b000 	C:\Windows\system32\WINNSI.DLL
0x000007fef9200000 - 0x000007fef9208000 	C:\Windows\system32\rasadhlp.dll
0x000007fefaf80000 - 0x000007fefafd3000 	C:\Windows\System32\fwpuclnt.dll
0x0000000064550000 - 0x0000000064561000 	C:\Program Files\Java\jdk1.7.0_11\jre\bin\nio.dll
0x000000006b6c0000 - 0x000000006ba46000 	F:\moduleExamples.gstreamer-sdk\0.10\x86_64\bin\libgstreamer-0.10-0.dll
0x00000000685c0000 - 0x00000000689fb000 	F:\moduleExamples.gstreamer-sdk\0.10\x86_64\bin\libglib-2.0-0.dll
0x0000000002320000 - 0x0000000002393000 	F:\moduleExamples.gstreamer-sdk\0.10\x86_64\bin\libintl-8.dll
0x000007fefe6a0000 - 0x000007fefe8a3000 	C:\Windows\system32\ole32.dll
0x000007fefeaa0000 - 0x000007feff828000 	C:\Windows\system32\SHELL32.dll
0x000000006dd00000 - 0x000000006dd29000 	F:\moduleExamples.gstreamer-sdk\0.10\x86_64\bin\libgmodule-2.0-0.dll
0x0000000063a40000 - 0x0000000063baa000 	F:\moduleExamples.gstreamer-sdk\0.10\x86_64\bin\libgobject-2.0-0.dll
0x0000000068d40000 - 0x0000000068d76000 	F:\moduleExamples.gstreamer-sdk\0.10\x86_64\bin\libffi-5.dll
0x000000000ac00000 - 0x000000000b0d6000 	F:\moduleExamples.gstreamer-sdk\0.10\x86_64\bin\libxml2-2.dll
0x0000000066000000 - 0x0000000066167000 	F:\moduleExamples.gstreamer-sdk\0.10\x86_64\bin\libiconv-2.dll
0x000000006e8c0000 - 0x000000006e8e0000 	F:\moduleExamples.gstreamer-sdk\0.10\x86_64\bin\libz.dll
0x000007fefd9d0000 - 0x000007fefd9f5000 	C:\Windows\system32\SspiCli.dll
0x00000000626c0000 - 0x0000000062756000 	F:\moduleExamples.gstreamer-sdk\0.10\x86_64\lib\moduleExamples.gstreamer-0.10\libgnl.dll
0x0000000066340000 - 0x0000000066371000 	F:\moduleExamples.gstreamer-sdk\0.10\x86_64\lib\moduleExamples.gstreamer-0.10\libgsta52dec.dll
0x000000006ce80000 - 0x000000006cec9000 	F:\moduleExamples.gstreamer-sdk\0.10\x86_64\bin\liba52-0.dll
0x0000000070680000 - 0x0000000070771000 	F:\moduleExamples.gstreamer-sdk\0.10\x86_64\bin\libgstaudio-0.10-0.dll
0x0000000064240000 - 0x00000000642a6000 	F:\moduleExamples.gstreamer-sdk\0.10\x86_64\bin\libgstinterfaces-0.10-0.dll
0x0000000069f00000 - 0x0000000069f83000 	F:\moduleExamples.gstreamer-sdk\0.10\x86_64\bin\libgstpbutils-0.10-0.dll
0x000000006cac0000 - 0x000000006cc18000 	F:\moduleExamples.gstreamer-sdk\0.10\x86_64\bin\libgstbase-0.10-0.dll
0x0000000065680000 - 0x000000006586c000 	F:\moduleExamples.gstreamer-sdk\0.10\x86_64\bin\liborc-0.4-0.dll
0x0000000067b80000 - 0x0000000067bb9000 	F:\moduleExamples.gstreamer-sdk\0.10\x86_64\lib\moduleExamples.gstreamer-0.10\libgstadder.dll
0x0000000071100000 - 0x000000007112b000 	F:\moduleExamples.gstreamer-sdk\0.10\x86_64\lib\moduleExamples.gstreamer-0.10\libgstadpcmdec.dll
0x000000006a1c0000 - 0x000000006a1eb000 	F:\moduleExamples.gstreamer-sdk\0.10\x86_64\lib\moduleExamples.gstreamer-0.10\libgstadpcmenc.dll
0x0000000070c00000 - 0x0000000070c49000 	F:\moduleExamples.gstreamer-sdk\0.10\x86_64\lib\moduleExamples.gstreamer-0.10\libgstaiff.dll
0x00000000637c0000 - 0x0000000063892000 	F:\moduleExamples.gstreamer-sdk\0.10\x86_64\bin\libgsttag-0.10-0.dll
0x0000000061940000 - 0x0000000061974000 	F:\moduleExamples.gstreamer-sdk\0.10\x86_64\lib\moduleExamples.gstreamer-0.10\libgstalaw.dll
0x0000000070480000 - 0x00000000704d6000 	F:\moduleExamples.gstreamer-sdk\0.10\x86_64\lib\moduleExamples.gstreamer-0.10\libgstalpha.dll
0x00000000625c0000 - 0x000000006267c000 	F:\moduleExamples.gstreamer-sdk\0.10\x86_64\bin\libgstcontroller-0.10-0.dll
0x0000000062ac0000 - 0x0000000062b45000 	F:\moduleExamples.gstreamer-sdk\0.10\x86_64\bin\libgstvideo-0.10-0.dll
0x000000006c200000 - 0x000000006c230000 	F:\moduleExamples.gstreamer-sdk\0.10\x86_64\lib\moduleExamples.gstreamer-0.10\libgstalphacolor.dll
0x0000000069400000 - 0x0000000069435000 	F:\moduleExamples.gstreamer-sdk\0.10\x86_64\lib\moduleExamples.gstreamer-0.10\libgstamrnb.dll
0x000000006f540000 - 0x000000006f644000 	F:\moduleExamples.gstreamer-sdk\0.10\x86_64\bin\libopencore-amrnb-0.dll
0x0000000009210000 - 0x000000000923a000 	F:\moduleExamples.gstreamer-sdk\0.10\x86_64\lib\moduleExamples.gstreamer-0.10\libgstamrwbdec.dll
0x0000000066bc0000 - 0x0000000066c38000 	F:\moduleExamples.gstreamer-sdk\0.10\x86_64\bin\libopencore-amrwb-0.dll
0x00000000682c0000 - 0x000000006831f000 	F:\moduleExamples.gstreamer-sdk\0.10\x86_64\lib\moduleExamples.gstreamer-0.10\libgstannodex.dll
0x0000000064ec0000 - 0x0000000064eeb000 	F:\moduleExamples.gstreamer-sdk\0.10\x86_64\lib\moduleExamples.gstreamer-0.10\libgstapetag.dll
0x000000006ab80000 - 0x000000006aba2000 	F:\moduleExamples.gstreamer-sdk\0.10\x86_64\lib\moduleExamples.gstreamer-0.10\libgstapp.dll
0x000000006da40000 - 0x000000006da8e000 	F:\moduleExamples.gstreamer-sdk\0.10\x86_64\bin\libgstapp-0.10-0.dll
0x0000000070240000 - 0x00000000702cc000 	F:\moduleExamples.gstreamer-sdk\0.10\x86_64\lib\moduleExamples.gstreamer-0.10\libgstasf.dll
0x0000000070140000 - 0x000000007017f000 	F:\moduleExamples.gstreamer-sdk\0.10\x86_64\bin\libgstriff-0.10-0.dll
0x000000006d580000 - 0x000000006d5f5000 	F:\moduleExamples.gstreamer-sdk\0.10\x86_64\bin\libgstrtp-0.10-0.dll
0x0000000069740000 - 0x00000000697a7000 	F:\moduleExamples.gstreamer-sdk\0.10\x86_64\bin\libgstrtsp-0.10-0.dll
0x00000000628c0000 - 0x00000000628f4000 	F:\moduleExamples.gstreamer-sdk\0.10\x86_64\bin\libgstsdp-0.10-0.dll
0x0000000009350000 - 0x00000000093b7000 	F:\moduleExamples.gstreamer-sdk\0.10\x86_64\lib\moduleExamples.gstreamer-0.10\libgstasfmux.dll
0x000000006f900000 - 0x000000006f93e000 	F:\moduleExamples.gstreamer-sdk\0.10\x86_64\lib\moduleExamples.gstreamer-0.10\libgstassrender.dll
0x000000006e140000 - 0x000000006e1d9000 	F:\moduleExamples.gstreamer-sdk\0.10\x86_64\bin\libass-4.dll
0x0000000064f80000 - 0x0000000065077000 	F:\moduleExamples.gstreamer-sdk\0.10\x86_64\bin\libfontconfig-1.dll
0x0000000068f40000 - 0x0000000068fd8000 	F:\moduleExamples.gstreamer-sdk\0.10\x86_64\bin\libexpat-1.dll
0x0000000069940000 - 0x0000000069c11000 	F:\moduleExamples.gstreamer-sdk\0.10\x86_64\bin\libfreetype-6.dll
0x0000000063980000 - 0x00000000639c8000 	F:\moduleExamples.gstreamer-sdk\0.10\x86_64\bin\libfribidi-0.dll
0x000000006c140000 - 0x000000006c1b6000 	F:\moduleExamples.gstreamer-sdk\0.10\x86_64\lib\moduleExamples.gstreamer-0.10\libgstaudioconvert.dll
0x000000000a760000 - 0x000000000a831000 	F:\moduleExamples.gstreamer-sdk\0.10\x86_64\lib\moduleExamples.gstreamer-0.10\libgstaudiofx.dll
0x000000006d300000 - 0x000000006d343000 	F:\moduleExamples.gstreamer-sdk\0.10\x86_64\bin\libgstfft-0.10-0.dll
0x0000000067440000 - 0x00000000674d5000 	F:\moduleExamples.gstreamer-sdk\0.10\x86_64\lib\moduleExamples.gstreamer-0.10\libgstaudioparsers.dll
0x0000000066e40000 - 0x0000000066e6e000 	F:\moduleExamples.gstreamer-sdk\0.10\x86_64\lib\moduleExamples.gstreamer-0.10\libgstaudiorate.dll
0x000000006cf00000 - 0x000000006cf61000 	F:\moduleExamples.gstreamer-sdk\0.10\x86_64\lib\moduleExamples.gstreamer-0.10\libgstaudioresample.dll
0x0000000069d80000 - 0x0000000069db0000 	F:\moduleExamples.gstreamer-sdk\0.10\x86_64\bin\liborc-test-0.4-0.dll
0x0000000062b80000 - 0x0000000062bbf000 	F:\moduleExamples.gstreamer-sdk\0.10\x86_64\lib\moduleExamples.gstreamer-0.10\libgstaudiotestsrc.dll
0x0000000009ba0000 - 0x0000000009c03000 	F:\moduleExamples.gstreamer-sdk\0.10\x86_64\lib\moduleExamples.gstreamer-0.10\libgstaudiovisualizers.dll
0x0000000063c80000 - 0x0000000063cae000 	F:\moduleExamples.gstreamer-sdk\0.10\x86_64\lib\moduleExamples.gstreamer-0.10\libgstauparse.dll
0x000000006ba80000 - 0x000000006babf000 	F:\moduleExamples.gstreamer-sdk\0.10\x86_64\lib\moduleExamples.gstreamer-0.10\libgstautoconvert.dll
0x0000000063f80000 - 0x0000000063fce000 	F:\moduleExamples.gstreamer-sdk\0.10\x86_64\lib\moduleExamples.gstreamer-0.10\libgstautodetect.dll
0x0000000009ed0000 - 0x0000000009f90000 	F:\moduleExamples.gstreamer-sdk\0.10\x86_64\lib\moduleExamples.gstreamer-0.10\libgstavi.dll
0x00000000094e0000 - 0x0000000009527000 	F:\moduleExamples.gstreamer-sdk\0.10\x86_64\lib\moduleExamples.gstreamer-0.10\libgstbayer.dll
0x000000006ed80000 - 0x000000006edab000 	F:\moduleExamples.gstreamer-sdk\0.10\x86_64\lib\moduleExamples.gstreamer-0.10\libgstcairo.dll
0x0000000009630000 - 0x0000000009655000 	F:\moduleExamples.gstreamer-sdk\0.10\x86_64\bin\libcairo-gobject-2.dll
0x000000000b6e0000 - 0x000000000bacf000 	F:\moduleExamples.gstreamer-sdk\0.10\x86_64\bin\libcairo-2.dll
0x000000000bad0000 - 0x000000000bf5e000 	F:\moduleExamples.gstreamer-sdk\0.10\x86_64\bin\libpixman-1-0.dll
0x0000000064740000 - 0x0000000064803000 	F:\moduleExamples.gstreamer-sdk\0.10\x86_64\bin\libpng15-15.dll
0x000007fef6f20000 - 0x000007fef6f27000 	C:\Windows\system32\MSIMG32.dll
0x000000006cd80000 - 0x000000006cdde000 	F:\moduleExamples.gstreamer-sdk\0.10\x86_64\lib\moduleExamples.gstreamer-0.10\libgstcamerabin2.dll
0x00000000681c0000 - 0x00000000681f7000 	F:\moduleExamples.gstreamer-sdk\0.10\x86_64\bin\libgstbasecamerabinsrc-0.10-23.dll
0x000000006ca00000 - 0x000000006ca2e000 	F:\moduleExamples.gstreamer-sdk\0.10\x86_64\bin\libgstphotography-0.10-23.dll
0x0000000009c10000 - 0x0000000009c46000 	F:\moduleExamples.gstreamer-sdk\0.10\x86_64\lib\moduleExamples.gstreamer-0.10\libgstcdxaparse.dll
0x0000000066dc0000 - 0x0000000066e08000 	F:\moduleExamples.gstreamer-sdk\0.10\x86_64\lib\moduleExamples.gstreamer-0.10\libgstclutter.dll
0x000000000bf60000 - 0x000000000c3c3000 	F:\moduleExamples.gstreamer-sdk\0.10\x86_64\bin\libclutter-win32-1.0-0.dll
0x0000000062940000 - 0x00000000629ec000 	F:\moduleExamples.gstreamer-sdk\0.10\x86_64\bin\libatk-1.0-0.dll
0x000000006e7c0000 - 0x000000006e7fb000 	F:\moduleExamples.gstreamer-sdk\0.10\x86_64\bin\libcogl-pango-0.dll
0x000000000c3d0000 - 0x000000000c6d0000 	F:\moduleExamples.gstreamer-sdk\0.10\x86_64\bin\libcogl-5.dll
0x0000000065340000 - 0x0000000065457000 	F:\moduleExamples.gstreamer-sdk\0.10\x86_64\bin\libgdk_pixbuf-2.0-0.dll
0x000000000c6d0000 - 0x000000000ccc1000 	F:\moduleExamples.gstreamer-sdk\0.10\x86_64\bin\libgio-2.0-0.dll
0x000000000ccd0000 - 0x000000000ce1d000 	F:\moduleExamples.gstreamer-sdk\0.10\x86_64\bin\libjpeg-8.dll
0x000000000ce20000 - 0x000000000cfab000 	F:\moduleExamples.gstreamer-sdk\0.10\x86_64\bin\libtiff-5.dll

VM Arguments:
jvm_args: -Dfile.encoding=Cp1252 
java_command: moduleExamples.gstreamer.VideoTest
Launcher Type: SUN_STANDARD

Environment Variables:
JAVA_HOME=C:\Program Files\Java\jdk1.7.0_11
CLASSPATH=.;C:\Program Files (x86)\JavaSoft\JRE\1.3.1_20\lib\ext\QTJava.zip
PATH=C:\Program Files (x86)\Intel\iCLS Client\;C:\Program Files\Intel\iCLS Client\;C:\Windows\system32;C:\Windows;C:\Windows\System32\Wbem;C:\Windows\System32\WindowsPowerShell\v1.0\;C:\Program Files\Intel\Intel(R) Management Engine Components\DAL;C:\Program Files\Intel\Intel(R) Management Engine Components\IPT;C:\Program Files (x86)\Intel\Intel(R) Management Engine Components\DAL;C:\Program Files (x86)\Intel\Intel(R) Management Engine Components\IPT;C:\Program Files (x86)\Intel\OpenCL SDK\2.0\bin\x86;C:\Program Files (x86)\Intel\OpenCL SDK\2.0\bin\x64;C:\Program Files\Java\jdk1.7.0_11\bin;C:\Program Files\TortoiseHg\;C:\Program Files (x86)\QuickTime\QTSystem\;F:\moduleExamples.gstreamer-sdk\0.10\x86_64\\bin;F:\moduleExamples.gstreamer-sdk\0.10\x86_64\\lib;
USERNAME=Tony
OS=Windows_NT
PROCESSOR_IDENTIFIER=Intel64 Family 6 Model 42 Stepping 7, GenuineIntel



---------------  S Y S T E M  ---------------

OS: Windows 7 , 64 bit Build 7601 Service Pack 1

CPU:total 2 (2 cores per cpu, 1 threads per core) family 6 model 42 stepping 7, cmov, cx8, fxsr, mmx, sse, sse2, sse3, ssse3, sse4.1, sse4.2, popcnt, tsc, tscinvbit

Memory: 4k page, physical 4075392k(1784628k free), swap 8148924k(5631352k free)

vm_info: Java HotSpot(TM) 64-Bit Server VM (23.6-b04) for windows-amd64 JRE (1.7.0_11-b21), built on Jan 12 2013 02:38:42 by "java_re" with unknown MS VC++:1600

time: Fri May 10 15:46:38 2013
elapsed time: 13 seconds

