#
# A fatal error has been detected by the Java Runtime Environment:
#
#  EXCEPTION_ACCESS_VIOLATION (0xc0000005) at pc=0x0000000180001130, pid=5104, tid=4424
#
# JRE version: 7.0_17-b02
# Java VM: Java HotSpot(TM) 64-Bit Server VM (23.7-b01 mixed mode windows-amd64 compressed oops)
# Problematic frame:
# C  0x0000000180001130
#
# Failed to write core dump. Minidumps are not enabled by default on client versions of Windows
#
# If you would like to submit a bug report, please visit:
#   http://bugreport.sun.com/bugreport/crash.jsp
# The crash happened outside the Java Virtual Machine in native code.
# See problematic frame for where to report the bug.
#

---------------  T H R E A D  ---------------

Current thread (0x000000000ad57000):  JavaThread "Thread-431" [_thread_in_native, id=4424, stack(0x0000000011bc0000,0x0000000011cc0000)]

siginfo: ExceptionCode=0xc0000005, ExceptionInformation=0x0000000000000008 0x0000000180001130

Registers:
RAX=0x0000000180001130, RBX=0x00000000bcb974b8, RCX=0x000000000ad571d8, RDX=0x0000000011cbdba8
RSP=0x0000000011cbdb08, RBP=0x0000000011cbdb98, RSI=0x00000000bccf97b8, RDI=0x00000000bcca2620
R8 =0x000000006b6f2aa0, R9 =0x0000000000000000, R10=0x000000000282237c, R11=0x000000006e611f50
R12=0x0000000000000000, R13=0x00000000bcb974b8, R14=0x0000000011cbdbd0, R15=0x000000000ad57000
RIP=0x0000000180001130, EFLAGS=0x0000000000010202

Top of Stack: (sp=0x0000000011cbdb08)
0x0000000011cbdb08:   00000000028223a8 0000000000000001
0x0000000011cbdb18:   0000000011cbdb18 00000000bcca2620
0x0000000011cbdb28:   000000000289fd29 0000000011cbdbb8
0x0000000011cbdb38:   00000000bccf97b8 0000000011cbdba8
0x0000000011cbdb48:   00000000028164f0 00000000028164f0
0x0000000011cbdb58:   0000000011cbdb58 0000000000000000
0x0000000011cbdb68:   0000000011cbdbd0 00000000bcbdf768
0x0000000011cbdb78:   0000000000000000 00000000bcb974b8
0x0000000011cbdb88:   0000000000000000 0000000011cbdbb8
0x0000000011cbdb98:   0000000011cbdc18 0000000002816315
0x0000000011cbdba8:   00000000c1a23960 000000000281f1d7
0x0000000011cbdbb8:   00000000ebfb9558 0000000000000000
0x0000000011cbdbc8:   000000006b6f2aa0 0000000002815510
0x0000000011cbdbd8:   0000000011cbdbd8 00000000bccf5756
0x0000000011cbdbe8:   0000000011cbdc48 00000000bccfb878
0x0000000011cbdbf8:   0000000000000000 00000000bccf57a8 

Instructions: (pc=0x0000000180001130)
0x0000000180001110:   
[error occurred during error reporting (printing registers, top of stack, instructions near pc), id 0xc0000005]

Register to memory mapping:

RAX=0x0000000180001130 is an unknown value
RBX=0x00000000bcb974b8 is an oop
{method} 
 - klass: {other class}
RCX=0x000000000ad571d8 is an unknown value
RDX=0x0000000011cbdba8 is pointing into the stack for thread: 0x000000000ad57000
RSP=0x0000000011cbdb08 is pointing into the stack for thread: 0x000000000ad57000
RBP=0x0000000011cbdb98 is pointing into the stack for thread: 0x000000000ad57000
RSI=0x00000000bccf97b8 is an oop
{instance class} 
 - klass: {other class}
RDI=0x00000000bcca2620 is an oop
{instance class} 
 - klass: {other class}
R8 =0x000000006b6f2aa0 is an unknown value
R9 =0x0000000000000000 is an unknown value
R10=0x000000000282237c is an Interpreter codelet
method entry point (kind = native)  [0x0000000002822100, 0x0000000002822980]  2176 bytes
R11=0x000000006e611f50 is an unknown value
R12=0x0000000000000000 is an unknown value
R13=0x00000000bcb974b8 is an oop
{method} 
 - klass: {other class}
R14=0x0000000011cbdbd0 is pointing into the stack for thread: 0x000000000ad57000
R15=0x000000000ad57000 is a thread


Stack: [0x0000000011bc0000,0x0000000011cc0000],  sp=0x0000000011cbdb08,  free space=1014k
Native frames: (J=compiled Java code, j=interpreted, Vv=VM code, C=native code)
C  0x0000000180001130
j  com.sun.jna.Function.invokePointer(I[Ljava/lang/Object;)Lcom/sun/jna/Pointer;+6
j  com.sun.jna.Function.invoke([Ljava/lang/Object;Ljava/lang/Class;Z)Ljava/lang/Object;+642
j  com.sun.jna.Function.invoke(Ljava/lang/Class;[Ljava/lang/Object;Ljava/util/Map;)Ljava/lang/Object;+214
j  com.sun.jna.Library$Handler.invoke(Ljava/lang/Object;Ljava/lang/reflect/Method;[Ljava/lang/Object;)Ljava/lang/Object;+341
j  org.gstreamer.$Proxy8.gst_pad_get_negotiated_caps(Lorg/moduleExamples.gstreamer/Pad;)Lorg/moduleExamples.gstreamer/Caps;+16
j  org.gstreamer.Pad.getNegotiatedCaps()Lorg/moduleExamples.gstreamer/Caps;+4
j  org.gstreamer.swing.VideoComponent$RGBListener.rgbFrame(ZIILjava/nio/IntBuffer;)V+152
j  org.gstreamer.elements.RGBDataSink$VideoHandoffListener.doHandoff(Lorg/moduleExamples.gstreamer/Buffer;Lorg/moduleExamples.gstreamer/Pad;Z)V+107
j  org.gstreamer.elements.RGBDataSink$VideoHandoffListener.handoff(Lorg/moduleExamples.gstreamer/elements/BaseSink;Lorg/moduleExamples.gstreamer/Buffer;Lorg/moduleExamples.gstreamer/Pad;)V+4
j  org.gstreamer.elements.BaseSink$1.callback(Lorg/moduleExamples.gstreamer/elements/BaseSink;Lorg/moduleExamples.gstreamer/Buffer;Lorg/moduleExamples.gstreamer/Pad;)V+7
j  sun.reflect.GeneratedMethodAccessor4.invoke(Ljava/lang/Object;[Ljava/lang/Object;)Ljava/lang/Object;+56
j  sun.reflect.DelegatingMethodAccessorImpl.invoke(Ljava/lang/Object;[Ljava/lang/Object;)Ljava/lang/Object;+6
j  java.lang.reflect.Method.invoke(Ljava/lang/Object;[Ljava/lang/Object;)Ljava/lang/Object;+57
j  com.sun.jna.CallbackReference$DefaultCallbackProxy.invokeCallback([Ljava/lang/Object;)Ljava/lang/Object;+130
j  com.sun.jna.CallbackReference$DefaultCallbackProxy.callback([Ljava/lang/Object;)Ljava/lang/Object;+2
v  ~StubRoutines::call_stub

Java frames: (J=compiled Java code, j=interpreted, Vv=VM code)
j  com.sun.jna.Native.invokePointer(JI[Ljava/lang/Object;)J+0
j  com.sun.jna.Function.invokePointer(I[Ljava/lang/Object;)Lcom/sun/jna/Pointer;+6
j  com.sun.jna.Function.invoke([Ljava/lang/Object;Ljava/lang/Class;Z)Ljava/lang/Object;+642
j  com.sun.jna.Function.invoke(Ljava/lang/Class;[Ljava/lang/Object;Ljava/util/Map;)Ljava/lang/Object;+214
j  com.sun.jna.Library$Handler.invoke(Ljava/lang/Object;Ljava/lang/reflect/Method;[Ljava/lang/Object;)Ljava/lang/Object;+341
j  org.gstreamer.$Proxy8.gst_pad_get_negotiated_caps(Lorg/moduleExamples.gstreamer/Pad;)Lorg/moduleExamples.gstreamer/Caps;+16
j  org.gstreamer.Pad.getNegotiatedCaps()Lorg/moduleExamples.gstreamer/Caps;+4
j  org.gstreamer.swing.VideoComponent$RGBListener.rgbFrame(ZIILjava/nio/IntBuffer;)V+152
j  org.gstreamer.elements.RGBDataSink$VideoHandoffListener.doHandoff(Lorg/moduleExamples.gstreamer/Buffer;Lorg/moduleExamples.gstreamer/Pad;Z)V+107
j  org.gstreamer.elements.RGBDataSink$VideoHandoffListener.handoff(Lorg/moduleExamples.gstreamer/elements/BaseSink;Lorg/moduleExamples.gstreamer/Buffer;Lorg/moduleExamples.gstreamer/Pad;)V+4
j  org.gstreamer.elements.BaseSink$1.callback(Lorg/moduleExamples.gstreamer/elements/BaseSink;Lorg/moduleExamples.gstreamer/Buffer;Lorg/moduleExamples.gstreamer/Pad;)V+7
j  sun.reflect.GeneratedMethodAccessor4.invoke(Ljava/lang/Object;[Ljava/lang/Object;)Ljava/lang/Object;+56
j  sun.reflect.DelegatingMethodAccessorImpl.invoke(Ljava/lang/Object;[Ljava/lang/Object;)Ljava/lang/Object;+6
j  java.lang.reflect.Method.invoke(Ljava/lang/Object;[Ljava/lang/Object;)Ljava/lang/Object;+57
j  com.sun.jna.CallbackReference$DefaultCallbackProxy.invokeCallback([Ljava/lang/Object;)Ljava/lang/Object;+130
j  com.sun.jna.CallbackReference$DefaultCallbackProxy.callback([Ljava/lang/Object;)Ljava/lang/Object;+2
v  ~StubRoutines::call_stub

---------------  P R O C E S S  ---------------

Java Threads: ( => current thread )
=>0x000000000ad57000 JavaThread "Thread-431" [_thread_in_native, id=4424, stack(0x0000000011bc0000,0x0000000011cc0000)]
  0x000000000f80d800 JavaThread "TimerQueue" daemon [_thread_blocked, id=2112, stack(0x0000000011a90000,0x0000000011b90000)]
  0x000000000f80d000 JavaThread "moduleExamples.gstreamer service thread 1" daemon [_thread_blocked, id=3852, stack(0x0000000011990000,0x0000000011a90000)]
  0x00000000024ad800 JavaThread "DestroyJavaVM" [_thread_blocked, id=4916, stack(0x0000000002710000,0x0000000002810000)]
  0x000000000f7bd000 JavaThread "AWT-EventQueue-0" [_thread_blocked, id=4716, stack(0x00000000104b0000,0x00000000105b0000)]
  0x000000000adfd000 JavaThread "AWT-Shutdown" [_thread_blocked, id=3224, stack(0x00000000101a0000,0x00000000102a0000)]
  0x000000000ae08800 JavaThread "Java2D Disposer" daemon [_thread_blocked, id=3344, stack(0x0000000010050000,0x0000000010150000)]
  0x0000000008d90000 JavaThread "Service Thread" daemon [_thread_blocked, id=5012, stack(0x000000000a7e0000,0x000000000a8e0000)]
  0x0000000008d8f000 JavaThread "C2 CompilerThread1" daemon [_thread_blocked, id=5040, stack(0x000000000a5b0000,0x000000000a6b0000)]
  0x0000000008d8a000 JavaThread "C2 CompilerThread0" daemon [_thread_blocked, id=3328, stack(0x000000000a4a0000,0x000000000a5a0000)]
  0x0000000008d89000 JavaThread "Attach Listener" daemon [_thread_blocked, id=4472, stack(0x000000000a330000,0x000000000a430000)]
  0x0000000008d81800 JavaThread "Signal Dispatcher" daemon [_thread_blocked, id=4832, stack(0x0000000009de0000,0x0000000009ee0000)]
  0x0000000002496800 JavaThread "Finalizer" daemon [_thread_blocked, id=2184, stack(0x000000000a0d0000,0x000000000a1d0000)]
  0x000000000248f000 JavaThread "Reference Handler" daemon [_thread_blocked, id=3512, stack(0x0000000009f40000,0x000000000a040000)]

Other Threads:
  0x0000000008d03800 VMThread [stack: 0x0000000009c70000,0x0000000009d70000] [id=516]
  0x0000000008da1000 WatcherThread [stack: 0x000000000a930000,0x000000000aa30000] [id=4500]

VM state:not at safepoint (normal execution)

VM Mutex/Monitor currently owned by a thread: None

Heap
 PSYoungGen      total 18624K, used 15335K [0x00000000eb360000, 0x00000000ec820000, 0x0000000100000000)
  eden space 16000K, 79% used [0x00000000eb360000,0x00000000ebfd0ca8,0x00000000ec300000)
  from space 2624K, 98% used [0x00000000ec590000,0x00000000ec819020,0x00000000ec820000)
  to   space 2624K, 0% used [0x00000000ec300000,0x00000000ec300000,0x00000000ec590000)
 ParOldGen       total 42560K, used 14869K [0x00000000c1a00000, 0x00000000c4390000, 0x00000000eb360000)
  object space 42560K, 34% used [0x00000000c1a00000,0x00000000c28855f8,0x00000000c4390000)
 PSPermGen       total 21248K, used 11853K [0x00000000bc800000, 0x00000000bdcc0000, 0x00000000c1a00000)
  object space 21248K, 55% used [0x00000000bc800000,0x00000000bd393778,0x00000000bdcc0000)

Card table byte_map: [0x0000000005810000,0x0000000005a30000] byte_map_base: 0x000000000522c000

Polling page: 0x0000000000560000

Code Cache  [0x0000000002810000, 0x0000000002a80000, 0x0000000005810000)
 total_blobs=520 nmethods=112 adapters=359 free_code_cache=48473Kb largest_free_block=49606976

Compilation events (10 events):
Event: 14.642 Thread 0x0000000008d8a000  108             java.lang.reflect.Modifier::isPublic (12 bytes)
Event: 14.642 Thread 0x0000000008d8a000 nmethod 108 0x0000000002889150 code [0x0000000002889280, 0x00000000028892b8]
Event: 15.562 Thread 0x0000000008d8f000  109             java.lang.String::lastIndexOf (151 bytes)
Event: 15.566 Thread 0x0000000008d8f000 nmethod 109 0x00000000028b8fd0 code [0x00000000028b9120, 0x00000000028b9398]
Event: 16.121 Thread 0x0000000008d8a000  110             java.lang.Number::<init> (5 bytes)
Event: 16.122 Thread 0x0000000008d8a000 nmethod 110 0x00000000028b8d90 code [0x00000000028b8ec0, 0x00000000028b8f18]
Event: 17.473 Thread 0x0000000008d8f000  111             java.lang.System::getSecurityManager (4 bytes)
Event: 17.474 Thread 0x0000000008d8f000 nmethod 111 0x00000000028be090 code [0x00000000028be1c0, 0x00000000028be218]
Event: 17.482 Thread 0x0000000008d8a000  112             java.util.concurrent.locks.AbstractOwnableSynchronizer::setExclusiveOwnerThread (6 bytes)
Event: 17.482 Thread 0x0000000008d8a000 nmethod 112 0x00000000028bf7d0 code [0x00000000028bf900, 0x00000000028bf958]

GC Heap History (8 events):
Event: 10.280 GC heap before
{Heap before GC invocations=1 (full 0):
 PSYoungGen      total 18624K, used 16000K [0x00000000eb360000, 0x00000000ec820000, 0x0000000100000000)
  eden space 16000K, 100% used [0x00000000eb360000,0x00000000ec300000,0x00000000ec300000)
  from space 2624K, 0% used [0x00000000ec590000,0x00000000ec590000,0x00000000ec820000)
  to   space 2624K, 0% used [0x00000000ec300000,0x00000000ec300000,0x00000000ec590000)
 ParOldGen       total 42560K, used 0K [0x00000000c1a00000, 0x00000000c4390000, 0x00000000eb360000)
  object space 42560K, 0% used [0x00000000c1a00000,0x00000000c1a00000,0x00000000c4390000)
 PSPermGen       total 21248K, used 8186K [0x00000000bc800000, 0x00000000bdcc0000, 0x00000000c1a00000)
  object space 21248K, 38% used [0x00000000bc800000,0x00000000bcffe9b0,0x00000000bdcc0000)
Event: 10.306 GC heap after
Heap after GC invocations=1 (full 0):
 PSYoungGen      total 18624K, used 2177K [0x00000000eb360000, 0x00000000ec820000, 0x0000000100000000)
  eden space 16000K, 0% used [0x00000000eb360000,0x00000000eb360000,0x00000000ec300000)
  from space 2624K, 82% used [0x00000000ec300000,0x00000000ec520740,0x00000000ec590000)
  to   space 2624K, 0% used [0x00000000ec590000,0x00000000ec590000,0x00000000ec820000)
 ParOldGen       total 42560K, used 8K [0x00000000c1a00000, 0x00000000c4390000, 0x00000000eb360000)
  object space 42560K, 0% used [0x00000000c1a00000,0x00000000c1a02000,0x00000000c4390000)
 PSPermGen       total 21248K, used 8186K [0x00000000bc800000, 0x00000000bdcc0000, 0x00000000c1a00000)
  object space 21248K, 38% used [0x00000000bc800000,0x00000000bcffe9b0,0x00000000bdcc0000)
}
Event: 12.244 GC heap before
{Heap before GC invocations=2 (full 0):
 PSYoungGen      total 18624K, used 18177K [0x00000000eb360000, 0x00000000ec820000, 0x0000000100000000)
  eden space 16000K, 100% used [0x00000000eb360000,0x00000000ec300000,0x00000000ec300000)
  from space 2624K, 82% used [0x00000000ec300000,0x00000000ec520740,0x00000000ec590000)
  to   space 2624K, 0% used [0x00000000ec590000,0x00000000ec590000,0x00000000ec820000)
 ParOldGen       total 42560K, used 8K [0x00000000c1a00000, 0x00000000c4390000, 0x00000000eb360000)
  object space 42560K, 0% used [0x00000000c1a00000,0x00000000c1a02000,0x00000000c4390000)
 PSPermGen       total 21248K, used 11788K [0x00000000bc800000, 0x00000000bdcc0000, 0x00000000c1a00000)
  object space 21248K, 55% used [0x00000000bc800000,0x00000000bd383388,0x00000000bdcc0000)
Event: 12.251 GC heap after
Heap after GC invocations=2 (full 0):
 PSYoungGen      total 18624K, used 2612K [0x00000000eb360000, 0x00000000ec820000, 0x0000000100000000)
  eden space 16000K, 0% used [0x00000000eb360000,0x00000000eb360000,0x00000000ec300000)
  from space 2624K, 99% used [0x00000000ec590000,0x00000000ec81d010,0x00000000ec820000)
  to   space 2624K, 0% used [0x00000000ec300000,0x00000000ec300000,0x00000000ec590000)
 ParOldGen       total 42560K, used 7869K [0x00000000c1a00000, 0x00000000c4390000, 0x00000000eb360000)
  object space 42560K, 18% used [0x00000000c1a00000,0x00000000c21af5b8,0x00000000c4390000)
 PSPermGen       total 21248K, used 11788K [0x00000000bc800000, 0x00000000bdcc0000, 0x00000000c1a00000)
  object space 21248K, 55% used [0x00000000bc800000,0x00000000bd383388,0x00000000bdcc0000)
}
Event: 14.121 GC heap before
{Heap before GC invocations=3 (full 0):
 PSYoungGen      total 18624K, used 18612K [0x00000000eb360000, 0x00000000ec820000, 0x0000000100000000)
  eden space 16000K, 100% used [0x00000000eb360000,0x00000000ec300000,0x00000000ec300000)
  from space 2624K, 99% used [0x00000000ec590000,0x00000000ec81d010,0x00000000ec820000)
  to   space 2624K, 0% used [0x00000000ec300000,0x00000000ec300000,0x00000000ec590000)
 ParOldGen       total 42560K, used 7869K [0x00000000c1a00000, 0x00000000c4390000, 0x00000000eb360000)
  object space 42560K, 18% used [0x00000000c1a00000,0x00000000c21af5b8,0x00000000c4390000)
 PSPermGen       total 21248K, used 11809K [0x00000000bc800000, 0x00000000bdcc0000, 0x00000000c1a00000)
  object space 21248K, 55% used [0x00000000bc800000,0x00000000bd388720,0x00000000bdcc0000)
Event: 14.124 GC heap after
Heap after GC invocations=3 (full 0):
 PSYoungGen      total 18624K, used 2596K [0x00000000eb360000, 0x00000000ec820000, 0x0000000100000000)
  eden space 16000K, 0% used [0x00000000eb360000,0x00000000eb360000,0x00000000ec300000)
  from space 2624K, 98% used [0x00000000ec300000,0x00000000ec589020,0x00000000ec590000)
  to   space 2624K, 0% used [0x00000000ec590000,0x00000000ec590000,0x00000000ec820000)
 ParOldGen       total 42560K, used 11381K [0x00000000c1a00000, 0x00000000c4390000, 0x00000000eb360000)
  object space 42560K, 26% used [0x00000000c1a00000,0x00000000c251d5d8,0x00000000c4390000)
 PSPermGen       total 21248K, used 11809K [0x00000000bc800000, 0x00000000bdcc0000, 0x00000000c1a00000)
  object space 21248K, 55% used [0x00000000bc800000,0x00000000bd388720,0x00000000bdcc0000)
}
Event: 16.041 GC heap before
{Heap before GC invocations=4 (full 0):
 PSYoungGen      total 18624K, used 18596K [0x00000000eb360000, 0x00000000ec820000, 0x0000000100000000)
  eden space 16000K, 100% used [0x00000000eb360000,0x00000000ec300000,0x00000000ec300000)
  from space 2624K, 98% used [0x00000000ec300000,0x00000000ec589020,0x00000000ec590000)
  to   space 2624K, 0% used [0x00000000ec590000,0x00000000ec590000,0x00000000ec820000)
 ParOldGen       total 42560K, used 11381K [0x00000000c1a00000, 0x00000000c4390000, 0x00000000eb360000)
  object space 42560K, 26% used [0x00000000c1a00000,0x00000000c251d5d8,0x00000000c4390000)
 PSPermGen       total 21248K, used 11817K [0x00000000bc800000, 0x00000000bdcc0000, 0x00000000c1a00000)
  object space 21248K, 55% used [0x00000000bc800000,0x00000000bd38a438,0x00000000bdcc0000)
Event: 16.044 GC heap after
Heap after GC invocations=4 (full 0):
 PSYoungGen      total 18624K, used 2596K [0x00000000eb360000, 0x00000000ec820000, 0x0000000100000000)
  eden space 16000K, 0% used [0x00000000eb360000,0x00000000eb360000,0x00000000ec300000)
  from space 2624K, 98% used [0x00000000ec590000,0x00000000ec819020,0x00000000ec820000)
  to   space 2624K, 0% used [0x00000000ec300000,0x00000000ec300000,0x00000000ec590000)
 ParOldGen       total 42560K, used 14869K [0x00000000c1a00000, 0x00000000c4390000, 0x00000000eb360000)
  object space 42560K, 34% used [0x00000000c1a00000,0x00000000c28855f8,0x00000000c4390000)
 PSPermGen       total 21248K, used 11817K [0x00000000bc800000, 0x00000000bdcc0000, 0x00000000c1a00000)
  object space 21248K, 55% used [0x00000000bc800000,0x00000000bd38a438,0x00000000bdcc0000)
}

Deoptimization events (10 events):
Event: 9.412 Thread 0x00000000024ad800 Uncommon trap -83 fr.pc 0x000000000287e344
Event: 9.424 Thread 0x00000000024ad800 Uncommon trap -34 fr.pc 0x000000000287b9bc
Event: 9.424 Thread 0x00000000024ad800 Uncommon trap -34 fr.pc 0x000000000287b9bc
Event: 10.167 Thread 0x00000000024ad800 Uncommon trap -34 fr.pc 0x0000000002873cbc
Event: 10.698 Thread 0x000000000f7bd000 Uncommon trap -12 fr.pc 0x0000000002882c04
Event: 10.895 Thread 0x000000000f7bd000 Uncommon trap -83 fr.pc 0x000000000288ca74
Event: 10.896 Thread 0x000000000f7bd000 Uncommon trap -83 fr.pc 0x000000000288c1f4
Event: 10.900 Thread 0x000000000f7bd000 Uncommon trap -83 fr.pc 0x000000000287cc68
Event: 12.513 Thread 0x000000000f7bd000 Uncommon trap -122 fr.pc 0x00000000028b6dbc
Event: 13.241 Thread 0x000000000ad54800 Uncommon trap -12 fr.pc 0x00000000028b8874

Internal exceptions (10 events):
Event: 12.116 Thread 0x000000000f7bd000 Threw 0x00000000ec08d938 at C:\jdk7u2_64p\jdk7u17\hotspot\src\share\vm\prims\jvm.cpp:1166
Event: 12.117 Thread 0x000000000f7bd000 Threw 0x00000000ec0917c8 at C:\jdk7u2_64p\jdk7u17\hotspot\src\share\vm\prims\jvm.cpp:1166
Event: 12.117 Thread 0x000000000f7bd000 Threw 0x00000000ec0958a8 at C:\jdk7u2_64p\jdk7u17\hotspot\src\share\vm\prims\jni.cpp:742
Event: 12.117 Thread 0x000000000f7bd000 Threw 0x00000000ec095c18 at C:\jdk7u2_64p\jdk7u17\hotspot\src\share\vm\prims\jni.cpp:742
Event: 12.118 Thread 0x000000000f7bd000 Threw 0x00000000ec096078 at C:\jdk7u2_64p\jdk7u17\hotspot\src\share\vm\prims\jni.cpp:742
Event: 12.118 Thread 0x000000000f7bd000 Threw 0x00000000ec097f38 at C:\jdk7u2_64p\jdk7u17\hotspot\src\share\vm\prims\jni.cpp:742
Event: 12.118 Thread 0x000000000f7bd000 Threw 0x00000000ec0982b8 at C:\jdk7u2_64p\jdk7u17\hotspot\src\share\vm\prims\jni.cpp:742
Event: 12.118 Thread 0x000000000f7bd000 Threw 0x00000000ec098718 at C:\jdk7u2_64p\jdk7u17\hotspot\src\share\vm\prims\jni.cpp:742
Event: 12.120 Thread 0x000000000f7bd000 Threw 0x00000000ec0a6110 at C:\jdk7u2_64p\jdk7u17\hotspot\src\share\vm\prims\jvm.cpp:1166
Event: 12.140 Thread 0x000000000f7bd000 Threw 0x00000000ec251a20 at C:\jdk7u2_64p\jdk7u17\hotspot\src\share\vm\prims\jvm.cpp:1166

Events (10 events):
Event: 17.465 Thread 0x000000000adfd800 Thread exited: 0x000000000adfd800
Event: 17.473 loading class 0x0000000002451a70 done
Event: 17.473 Thread 0x000000000ad57000 Thread exited: 0x000000000ad57000
Event: 17.481 Thread 0x000000000ad57000 Thread added: 0x000000000ad57000
Event: 17.481 Thread 0x000000000ad57000 Thread exited: 0x000000000ad57000
Event: 17.481 Thread 0x000000000ad57000 Thread added: 0x000000000ad57000
Event: 17.481 Thread 0x000000000ad57000 Thread exited: 0x000000000ad57000
Event: 17.481 Thread 0x000000000ad57000 Thread added: 0x000000000ad57000
Event: 17.482 loading class 0x0000000002486360 done
Event: 17.483 Thread 0x000000000ad55800 Thread exited: 0x000000000ad55800


Dynamic libraries:
0x000000013fe40000 - 0x000000013fe73000 	C:\Program Files\Java\jdk1.7.0_17\bin\javaw.exe
0x00000000772c0000 - 0x0000000077469000 	C:\Windows\SYSTEM32\ntdll.dll
0x0000000076df0000 - 0x0000000076f0f000 	C:\Windows\system32\kernel32.dll
0x000007fefda40000 - 0x000007fefdaac000 	C:\Windows\system32\KERNELBASE.dll
0x0000000074ad0000 - 0x0000000074b65000 	C:\Windows\System32\SYSFER.DLL
0x000007feff170000 - 0x000007feff24b000 	C:\Windows\system32\ADVAPI32.dll
0x000007fefefb0000 - 0x000007feff04f000 	C:\Windows\system32\msvcrt.dll
0x000007fefec60000 - 0x000007fefec7f000 	C:\Windows\SYSTEM32\sechost.dll
0x000007feff4a0000 - 0x000007feff5cd000 	C:\Windows\system32\RPCRT4.dll
0x0000000077070000 - 0x000000007716a000 	C:\Windows\system32\USER32.dll
0x000007feff250000 - 0x000007feff2b7000 	C:\Windows\system32\GDI32.dll
0x000007feff160000 - 0x000007feff16e000 	C:\Windows\system32\LPK.dll
0x000007fefeeb0000 - 0x000007fefef79000 	C:\Windows\system32\USP10.dll
0x000007fefbf20000 - 0x000007fefc114000 	C:\Windows\WinSxS\amd64_microsoft.windows.common-controls_6595b64144ccf1df_6.0.7601.17514_none_fa396087175ac9ac\COMCTL32.dll
0x000007fefde50000 - 0x000007fefdec1000 	C:\Windows\system32\SHLWAPI.dll
0x000007fefef80000 - 0x000007fefefae000 	C:\Windows\system32\IMM32.DLL
0x000007feff050000 - 0x000007feff159000 	C:\Windows\system32\MSCTF.dll
0x0000000079540000 - 0x0000000079611000 	C:\Program Files\Java\jdk1.7.0_17\jre\bin\msvcr100.dll
0x000000006e450000 - 0x000000006eb6f000 	C:\Program Files\Java\jdk1.7.0_17\jre\bin\server\jvm.dll
0x000007fefa000000 - 0x000007fefa009000 	C:\Windows\system32\WSOCK32.dll
0x000007fefdc50000 - 0x000007fefdc9d000 	C:\Windows\system32\WS2_32.dll
0x000007fefde40000 - 0x000007fefde48000 	C:\Windows\system32\NSI.dll
0x000007fef7850000 - 0x000007fef788b000 	C:\Windows\system32\WINMM.dll
0x0000000077490000 - 0x0000000077497000 	C:\Windows\system32\PSAPI.DLL
0x0000000067e00000 - 0x0000000067e0f000 	C:\Program Files\Java\jdk1.7.0_17\jre\bin\verify.dll
0x0000000051a60000 - 0x0000000051a88000 	C:\Program Files\Java\jdk1.7.0_17\jre\bin\java.dll
0x000000005d620000 - 0x000000005d635000 	C:\Program Files\Java\jdk1.7.0_17\jre\bin\zip.dll
0x000007fefcfb0000 - 0x000007fefcfc7000 	C:\Windows\system32\CRYPTSP.dll
0x000007fefccb0000 - 0x000007fefccf7000 	C:\Windows\system32\rsaenh.dll
0x000007fefca60000 - 0x000007fefca7e000 	C:\Windows\system32\USERENV.dll
0x000007fefd720000 - 0x000007fefd72f000 	C:\Windows\system32\profapi.dll
0x000007fefd5b0000 - 0x000007fefd5bf000 	C:\Windows\system32\CRYPTBASE.dll
0x000000005ec10000 - 0x000000005ec29000 	C:\Program Files\Java\jdk1.7.0_17\jre\bin\net.dll
0x000007fefcf50000 - 0x000007fefcfa5000 	C:\Windows\system32\mswsock.dll
0x000007fefcf40000 - 0x000007fefcf47000 	C:\Windows\System32\wship6.dll
0x000007fefb3c0000 - 0x000007fefb3d5000 	C:\Windows\system32\NLAapi.dll
0x000007fefa480000 - 0x000007fefa495000 	C:\Windows\system32\napinsp.dll
0x000007fefa4a0000 - 0x000007fefa4b9000 	C:\Windows\system32\pnrpnsp.dll
0x000007fefcdd0000 - 0x000007fefce2b000 	C:\Windows\system32\DNSAPI.dll
0x000007fefa470000 - 0x000007fefa47b000 	C:\Windows\System32\winrnr.dll
0x000007fefc940000 - 0x000007fefc947000 	C:\Windows\System32\wshtcpip.dll
0x000007fefafc0000 - 0x000007fefafe7000 	C:\Windows\system32\IPHLPAPI.DLL
0x000007fefaf60000 - 0x000007fefaf6b000 	C:\Windows\system32\WINNSI.DLL
0x000007fefa4e0000 - 0x000007fefa4e8000 	C:\Windows\system32\rasadhlp.dll
0x000007fefaec0000 - 0x000007fefaf13000 	C:\Windows\System32\fwpuclnt.dll
0x0000000051b00000 - 0x0000000051b11000 	C:\Program Files\Java\jdk1.7.0_17\jre\bin\nio.dll
0x000000006b6c0000 - 0x000000006ba46000 	C:\Users\tony\CODE\Software\Gstreamer-SDK\0.10\x86_64\bin\libgstreamer-0.10-0.dll
0x00000000685c0000 - 0x00000000689fb000 	C:\Users\tony\CODE\Software\Gstreamer-SDK\0.10\x86_64\bin\libglib-2.0-0.dll
0x0000000061cc0000 - 0x0000000061d33000 	C:\Users\tony\CODE\Software\Gstreamer-SDK\0.10\x86_64\bin\libintl-8.dll
0x000007fefec80000 - 0x000007fefee83000 	C:\Windows\system32\ole32.dll
0x000007fefded0000 - 0x000007fefec58000 	C:\Windows\system32\SHELL32.dll
0x000000006dd00000 - 0x000000006dd29000 	C:\Users\tony\CODE\Software\Gstreamer-SDK\0.10\x86_64\bin\libgmodule-2.0-0.dll
0x0000000063a40000 - 0x0000000063baa000 	C:\Users\tony\CODE\Software\Gstreamer-SDK\0.10\x86_64\bin\libgobject-2.0-0.dll
0x0000000068d40000 - 0x0000000068d76000 	C:\Users\tony\CODE\Software\Gstreamer-SDK\0.10\x86_64\bin\libffi-5.dll
0x0000000070f40000 - 0x0000000071416000 	C:\Users\tony\CODE\Software\Gstreamer-SDK\0.10\x86_64\bin\libxml2-2.dll
0x0000000066000000 - 0x0000000066167000 	C:\Users\tony\CODE\Software\Gstreamer-SDK\0.10\x86_64\bin\libiconv-2.dll
0x00000000026c0000 - 0x00000000026e0000 	C:\Users\tony\CODE\Software\Gstreamer-SDK\0.10\x86_64\bin\libz.dll
0x000007fefd580000 - 0x000007fefd5a5000 	C:\Windows\system32\SspiCli.dll
0x0000000066dc0000 - 0x0000000066e08000 	C:\Users\tony\CODE\Software\Gstreamer-SDK\0.10\x86_64\lib\moduleExamples.gstreamer-0.10\libgstclutter.dll
0x00000000642c0000 - 0x0000000064723000 	C:\Users\tony\CODE\Software\Gstreamer-SDK\0.10\x86_64\bin\libclutter-win32-1.0-0.dll
0x0000000062940000 - 0x00000000629ec000 	C:\Users\tony\CODE\Software\Gstreamer-SDK\0.10\x86_64\bin\libatk-1.0-0.dll
0x000000006cf40000 - 0x000000006cf65000 	C:\Users\tony\CODE\Software\Gstreamer-SDK\0.10\x86_64\bin\libcairo-gobject-2.dll
0x0000000068dc0000 - 0x00000000691af000 	C:\Users\tony\CODE\Software\Gstreamer-SDK\0.10\x86_64\bin\libcairo-2.dll
0x0000000064f80000 - 0x0000000065077000 	C:\Users\tony\CODE\Software\Gstreamer-SDK\0.10\x86_64\bin\libfontconfig-1.dll
0x000000000b100000 - 0x000000000b198000 	C:\Users\tony\CODE\Software\Gstreamer-SDK\0.10\x86_64\bin\libexpat-1.dll
0x0000000069940000 - 0x0000000069c11000 	C:\Users\tony\CODE\Software\Gstreamer-SDK\0.10\x86_64\bin\libfreetype-6.dll
0x0000000065300000 - 0x000000006578e000 	C:\Users\tony\CODE\Software\Gstreamer-SDK\0.10\x86_64\bin\libpixman-1-0.dll
0x0000000064740000 - 0x0000000064803000 	C:\Users\tony\CODE\Software\Gstreamer-SDK\0.10\x86_64\bin\libpng15-15.dll
0x000007fef9160000 - 0x000007fef9167000 	C:\Windows\system32\MSIMG32.dll
0x000000000a040000 - 0x000000000a07b000 	C:\Users\tony\CODE\Software\Gstreamer-SDK\0.10\x86_64\bin\libcogl-pango-0.dll
0x000000000b880000 - 0x000000000bb80000 	C:\Users\tony\CODE\Software\Gstreamer-SDK\0.10\x86_64\bin\libcogl-5.dll
0x000000000b420000 - 0x000000000b537000 	C:\Users\tony\CODE\Software\Gstreamer-SDK\0.10\x86_64\bin\libgdk_pixbuf-2.0-0.dll
0x000000006d580000 - 0x000000006db71000 	C:\Users\tony\CODE\Software\Gstreamer-SDK\0.10\x86_64\bin\libgio-2.0-0.dll
0x000000000bb80000 - 0x000000000bccd000 	C:\Users\tony\CODE\Software\Gstreamer-SDK\0.10\x86_64\bin\libjpeg-8.dll
0x000000000bcd0000 - 0x000000000be5b000 	C:\Users\tony\CODE\Software\Gstreamer-SDK\0.10\x86_64\bin\libtiff-5.dll
0x000007feeb4f0000 - 0x000007feeb60d000 	C:\Windows\system32\OPENGL32.dll
0x000007fef7820000 - 0x000007fef784d000 	C:\Windows\system32\GLU32.dll
0x000007feebcb0000 - 0x000007feebda1000 	C:\Windows\system32\DDRAW.dll
0x000007fef8500000 - 0x000007fef8508000 	C:\Windows\system32\DCIMAN32.dll
0x000007feff2c0000 - 0x000007feff497000 	C:\Windows\system32\SETUPAPI.dll
0x000007fefda00000 - 0x000007fefda36000 	C:\Windows\system32\CFGMGR32.dll
0x000007fefdaf0000 - 0x000007fefdbc7000 	C:\Windows\system32\OLEAUT32.dll
0x000007fefd7d0000 - 0x000007fefd7ea000 	C:\Windows\system32\DEVOBJ.dll
0x000007fefbae0000 - 0x000007fefbaf8000 	C:\Windows\system32\dwmapi.dll
0x000000000be60000 - 0x000000000bf7c000 	C:\Users\tony\CODE\Software\Gstreamer-SDK\0.10\x86_64\bin\libpango-1.0-0.dll
0x000000006d4c0000 - 0x000000006d513000 	C:\Users\tony\CODE\Software\Gstreamer-SDK\0.10\x86_64\bin\libpangocairo-1.0-0.dll
0x000000000bf80000 - 0x000000000c118000 	C:\Users\tony\CODE\Software\Gstreamer-SDK\0.10\x86_64\bin\libpangoft2-1.0-0.dll
0x000000006b280000 - 0x000000006b2d5000 	C:\Users\tony\CODE\Software\Gstreamer-SDK\0.10\x86_64\bin\libpangowin32-1.0-0.dll
0x000000000b1a0000 - 0x000000000b242000 	C:\Users\tony\CODE\Software\Gstreamer-SDK\0.10\x86_64\bin\libjson-glib-1.0-0.dll
0x000000006cac0000 - 0x000000006cc18000 	C:\Users\tony\CODE\Software\Gstreamer-SDK\0.10\x86_64\bin\libgstbase-0.10-0.dll
0x0000000064240000 - 0x00000000642a6000 	C:\Users\tony\CODE\Software\Gstreamer-SDK\0.10\x86_64\bin\libgstinterfaces-0.10-0.dll
0x000007fefbec0000 - 0x000007fefbf16000 	C:\Windows\system32\uxtheme.dll
0x000007fefdda0000 - 0x000007fefde39000 	C:\Windows\system32\CLBCatQ.DLL
0x000007fefc120000 - 0x000007fefc24c000 	C:\Windows\system32\propsys.dll
0x000007fefc840000 - 0x000007fefc86d000 	C:\Windows\system32\ntmarta.dll
0x000007fefdd40000 - 0x000007fefdd92000 	C:\Windows\system32\WLDAP32.dll
0x000000000cbb0000 - 0x000000000de80000 	C:\Windows\system32\ig4icd64.dll
0x0000000061e40000 - 0x0000000061e93000 	C:\Users\tony\CODE\Software\Gstreamer-SDK\0.10\x86_64\lib\moduleExamples.gstreamer-0.10\libgstvideotestsrc.dll
0x000000000f580000 - 0x000000000f76c000 	C:\Users\tony\CODE\Software\Gstreamer-SDK\0.10\x86_64\bin\liborc-0.4-0.dll
0x000000006e080000 - 0x000000006e1c3000 	C:\Users\tony\CODE\Software\Gstreamer-SDK\0.10\x86_64\lib\moduleExamples.gstreamer-0.10\libgstcoreelements.dll
0x000000006c2c0000 - 0x000000006c453000 	C:\Program Files\Java\jdk1.7.0_17\jre\bin\awt.dll
0x0000000063c80000 - 0x0000000063deb000 	C:\Users\tony\CODE\Software\Gstreamer-SDK\0.10\x86_64\lib\moduleExamples.gstreamer-0.10\libgstffmpegcolorspace.dll
0x0000000062ac0000 - 0x0000000062b45000 	C:\Users\tony\CODE\Software\Gstreamer-SDK\0.10\x86_64\bin\libgstvideo-0.10-0.dll
0x0000000077fc0000 - 0x0000000077ff4000 	C:\Program Files\Java\jdk1.7.0_17\jre\bin\fontmanager.dll
0x000000000a080000 - 0x000000000a092000 	c:\Program Files\Eracent\EPM\EracentEPMHookLib.dll
0x000007fef8af0000 - 0x000007fef8c15000 	C:\Windows\system32\dbghelp.dll

VM Arguments:
jvm_args: -Dfile.encoding=Cp1252 
java_command: moduleExamples.gstreamer.VideoTest
Launcher Type: SUN_STANDARD

Environment Variables:
JAVA_HOME=C:\Program Files\Java\jdk1.7.0_17
CLASSPATH=.;C:\Program Files (x86)\Java\jre7\lib\ext\QTJava.zip
PATH=C:\Users\Tony\CODE\Software\ImageMagick-6.8.5-Q16;C:\Oracle_x64\Ora112\bin;C:\Oracle_x86\Ora112\bin;C:\Windows\system32;C:\Windows;C:\Windows\System32\Wbem;C:\Windows\System32\WindowsPowerShell\v1.0\;C:\Program Files (x86)\Enterprise Vault\EVClient\;C:\Program Files\Java\jdk1.7.0_17\bin;C:\Program Files (x86)\QuickTime\QTSystem\;C:\Program Files\TortoiseSVN\bin;C:\Users\tony\CODE\Software\Gstreamer-SDK\0.10\x86_64\\bin;C:\Users\tony\CODE\Software\Gstreamer-SDK\0.10\x86_64\\lib\moduleExamples.gstreamer-0.10;C:\Program Files (x86)\SSH Communications Security\SSH Secure Shell
USERNAME=twoode
OS=Windows_NT
PROCESSOR_IDENTIFIER=Intel64 Family 6 Model 42 Stepping 7, GenuineIntel



---------------  S Y S T E M  ---------------

OS: Windows 7 , 64 bit Build 7601 Service Pack 1

CPU:total 4 (4 cores per cpu, 1 threads per core) family 6 model 42 stepping 7, cmov, cx8, fxsr, mmx, sse, sse2, sse3, ssse3, sse4.1, sse4.2, popcnt, avx, tsc, tscinvbit

Memory: 4k page, physical 4079632k(1415484k free), swap 8157404k(5463740k free)

vm_info: Java HotSpot(TM) 64-Bit Server VM (23.7-b01) for windows-amd64 JRE (1.7.0_17-b02), built on Mar  1 2013 03:38:30 by "java_re" with unknown MS VC++:1600

time: Tue May 28 13:11:17 2013
elapsed time: 17 seconds

